# JRE version: Java(TM) SE Runtime Environment 18.9 (11.0.13+10) (build 11.0.13+10-LTS-370)
# Java VM: Java HotSpot(TM) 64-Bit Server VM 18.9 (11.0.13+10-LTS-370, mixed mode, tiered, compressed oops, g1 gc, windows-amd64)
Heap:
 garbage-first heap   total 182272K, used 12413K [0x0000000080000000, 0x0000000100000000)
  region size 1024K, 7 young (7168K), 7 survivors (7168K)
 Metaspace       used 32388K, capacity 33435K, committed 33712K, reserved 1079296K
  class space    used 3823K, capacity 4268K, committed 4352K, reserved 1048576K
GC Heap History (10 events):
Event: 1.903 GC heap after
{Heap after GC invocations=2 (full 0):
 garbage-first heap   total 131072K, used 5120K [0x0000000080000000, 0x0000000100000000)
  region size 1024K, 1 young (1024K), 1 survivors (1024K)
 Metaspace       used 9959K, capacity 10159K, committed 10240K, reserved 1058816K
  class space    used 925K, capacity 972K, committed 1024K, reserved 1048576K
}
Event: 2.547 GC heap before
{Heap before GC invocations=2 (full 0):
 garbage-first heap   total 131072K, used 15360K [0x0000000080000000, 0x0000000100000000)
  region size 1024K, 11 young (11264K), 1 survivors (1024K)
 Metaspace       used 12021K, capacity 12409K, committed 12672K, reserved 1060864K
  class space    used 1198K, capacity 1351K, committed 1408K, reserved 1048576K
}
Event: 2.551 GC heap after
{Heap after GC invocations=3 (full 0):
 garbage-first heap   total 131072K, used 5371K [0x0000000080000000, 0x0000000100000000)
  region size 1024K, 2 young (2048K), 2 survivors (2048K)
 Metaspace       used 12021K, capacity 12409K, committed 12672K, reserved 1060864K
  class space    used 1198K, capacity 1351K, committed 1408K, reserved 1048576K
}
Event: 3.745 GC heap before
{Heap before GC invocations=3 (full 0):
 garbage-first heap   total 131072K, used 20731K [0x0000000080000000, 0x0000000100000000)
  region size 1024K, 17 young (17408K), 2 survivors (2048K)
 Metaspace       used 15311K, capacity 15793K, committed 16000K, reserved 1062912K
  class space    used 1616K, capacity 1828K, committed 1920K, reserved 1048576K
}
Event: 3.753 GC heap after
{Heap after GC invocations=4 (full 0):
 garbage-first heap   total 131072K, used 6097K [0x0000000080000000, 0x0000000100000000)
  region size 1024K, 2 young (2048K), 2 survivors (2048K)
 Metaspace       used 15311K, capacity 15793K, committed 16000K, reserved 1062912K
  class space    used 1616K, capacity 1828K, committed 1920K, reserved 1048576K
}
Event: 5.865 GC heap before
{Heap before GC invocations=4 (full 0):
 garbage-first heap   total 131072K, used 30673K [0x0000000080000000, 0x0000000100000000)
  region size 1024K, 27 young (27648K), 2 survivors (2048K)
 Metaspace       used 20477K, capacity 21141K, committed 21296K, reserved 1069056K
  class space    used 2298K, capacity 2602K, committed 2688K, reserved 1048576K
}
Event: 5.877 GC heap after
{Heap after GC invocations=5 (full 0):
 garbage-first heap   total 131072K, used 7669K [0x0000000080000000, 0x0000000100000000)
  region size 1024K, 4 young (4096K), 4 survivors (4096K)
 Metaspace       used 20477K, capacity 21141K, committed 21296K, reserved 1069056K
  class space    used 2298K, capacity 2602K, committed 2688K, reserved 1048576K
}
Event: 7.827 GC heap before
{Heap before GC invocations=6 (full 0):
 garbage-first heap   total 131072K, used 41461K [0x0000000080000000, 0x0000000100000000)
  region size 1024K, 38 young (38912K), 4 survivors (4096K)
 Metaspace       used 26935K, capacity 27768K, committed 28080K, reserved 1073152K
  class space    used 3123K, capacity 3473K, committed 3584K, reserved 1048576K
}
Event: 7.843 GC heap after
{Heap after GC invocations=7 (full 0):
 garbage-first heap   total 131072K, used 8892K [0x0000000080000000, 0x0000000100000000)
  region size 1024K, 4 young (4096K), 4 survivors (4096K)
 Metaspace       used 26935K, capacity 27768K, committed 28080K, reserved 1073152K
  class space    used 3123K, capacity 3473K, committed 3584K, reserved 1048576K
}
Event: 11.026 GC heap before
{Heap before GC invocations=7 (full 0):
 garbage-first heap   total 131072K, used 66236K [0x0000000080000000, 0x0000000100000000)
  region size 1024K, 60 young (61440K), 4 survivors (4096K)
 Metaspace       used 32388K, capacity 33435K, committed 33712K, reserved 1079296K
  class space    used 3823K, capacity 4268K, committed 4352K, reserved 1048576K
}

