# JRE version: Java(TM) SE Runtime Environment 18.9 (11.0.13+10) (build 11.0.13+10-LTS-370)
# Java VM: Java HotSpot(TM) 64-Bit Server VM 18.9 (11.0.13+10-LTS-370, mixed mode, tiered, compressed oops, g1 gc, windows-amd64)
Heap:
 garbage-first heap   total 221184K, used 14463K [0x0000000080000000, 0x0000000100000000)
  region size 1024K, 8 young (8192K), 8 survivors (8192K)
 Metaspace       used 31022K, capacity 32119K, committed 32176K, reserved 1087488K
  class space    used 3872K, capacity 4295K, committed 4352K, reserved 1048576K
GC Heap History (10 events):
Event: 1.540 GC heap after
{Heap after GC invocations=4 (full 0):
 garbage-first heap   total 131072K, used 7020K [0x0000000080000000, 0x0000000100000000)
  region size 1024K, 3 young (3072K), 3 survivors (3072K)
 Metaspace       used 14245K, capacity 14621K, committed 14848K, reserved 1062912K
  class space    used 1555K, capacity 1677K, committed 1792K, reserved 1048576K
}
Event: 1.977 GC heap before
{Heap before GC invocations=4 (full 0):
 garbage-first heap   total 131072K, used 31596K [0x0000000080000000, 0x0000000100000000)
  region size 1024K, 27 young (27648K), 3 survivors (3072K)
 Metaspace       used 18545K, capacity 19095K, committed 19328K, reserved 1067008K
  class space    used 2110K, capacity 2307K, committed 2432K, reserved 1048576K
}
Event: 1.990 GC heap after
{Heap after GC invocations=5 (full 0):
 garbage-first heap   total 157696K, used 7919K [0x0000000080000000, 0x0000000100000000)
  region size 1024K, 3 young (3072K), 3 survivors (3072K)
 Metaspace       used 18545K, capacity 19095K, committed 19328K, reserved 1067008K
  class space    used 2110K, capacity 2307K, committed 2432K, reserved 1048576K
}
Event: 2.294 GC heap before
{Heap before GC invocations=5 (full 0):
 garbage-first heap   total 157696K, used 22255K [0x0000000080000000, 0x0000000100000000)
  region size 1024K, 18 young (18432K), 3 survivors (3072K)
 Metaspace       used 20589K, capacity 21144K, committed 21296K, reserved 1069056K
  class space    used 2403K, capacity 2634K, committed 2688K, reserved 1048576K
}
Event: 2.307 GC heap after
{Heap after GC invocations=6 (full 0):
 garbage-first heap   total 157696K, used 8417K [0x0000000080000000, 0x0000000100000000)
  region size 1024K, 3 young (3072K), 3 survivors (3072K)
 Metaspace       used 20589K, capacity 21144K, committed 21296K, reserved 1069056K
  class space    used 2403K, capacity 2634K, committed 2688K, reserved 1048576K
}
Event: 2.696 GC heap before
{Heap before GC invocations=7 (full 0):
 garbage-first heap   total 157696K, used 62689K [0x0000000080000000, 0x0000000100000000)
  region size 1024K, 57 young (58368K), 3 survivors (3072K)
 Metaspace       used 21690K, capacity 22276K, committed 22448K, reserved 1069056K
  class space    used 2552K, capacity 2799K, committed 2816K, reserved 1048576K
}
Event: 2.709 GC heap after
{Heap after GC invocations=8 (full 0):
 garbage-first heap   total 157696K, used 9554K [0x0000000080000000, 0x0000000100000000)
  region size 1024K, 4 young (4096K), 4 survivors (4096K)
 Metaspace       used 21690K, capacity 22276K, committed 22448K, reserved 1069056K
  class space    used 2552K, capacity 2799K, committed 2816K, reserved 1048576K
}
Event: 4.405 GC heap before
{Heap before GC invocations=8 (full 0):
 garbage-first heap   total 157696K, used 81234K [0x0000000080000000, 0x0000000100000000)
  region size 1024K, 74 young (75776K), 4 survivors (4096K)
 Metaspace       used 29509K, capacity 30549K, committed 30640K, reserved 1075200K
  class space    used 3661K, capacity 4088K, committed 4096K, reserved 1048576K
}
Event: 4.432 GC heap after
{Heap after GC invocations=9 (full 0):
 garbage-first heap   total 157696K, used 13341K [0x0000000080000000, 0x0000000100000000)
  region size 1024K, 8 young (8192K), 8 survivors (8192K)
 Metaspace       used 29509K, capacity 30549K, committed 30640K, reserved 1075200K
  class space    used 3661K, capacity 4088K, committed 4096K, reserved 1048576K
}
Event: 4.782 GC heap before
{Heap before GC invocations=9 (full 0):
 garbage-first heap   total 157696K, used 66589K [0x0000000080000000, 0x0000000100000000)
  region size 1024K, 62 young (63488K), 8 survivors (8192K)
 Metaspace       used 31022K, capacity 32119K, committed 32176K, reserved 1087488K
  class space    used 3872K, capacity 4295K, committed 4352K, reserved 1048576K
}

