# JRE version: Java(TM) SE Runtime Environment 18.9 (11.0.13+10) (build 11.0.13+10-LTS-370)
# Java VM: Java HotSpot(TM) 64-Bit Server VM 18.9 (11.0.13+10-LTS-370, mixed mode, tiered, compressed oops, g1 gc, windows-amd64)
Heap:
 garbage-first heap   total 198656K, used 13179K [0x0000000080000000, 0x0000000100000000)
  region size 1024K, 7 young (7168K), 7 survivors (7168K)
 Metaspace       used 27103K, capacity 27948K, committed 28080K, reserved 1079296K
  class space    used 3392K, capacity 3751K, committed 3840K, reserved 1048576K
GC Heap History (10 events):
Event: 1.430 GC heap after
{Heap after GC invocations=4 (full 0):
 garbage-first heap   total 131072K, used 7881K [0x0000000080000000, 0x0000000100000000)
  region size 1024K, 2 young (2048K), 2 survivors (2048K)
 Metaspace       used 14961K, capacity 15355K, committed 15488K, reserved 1062912K
  class space    used 1684K, capacity 1846K, committed 1920K, reserved 1048576K
}
Event: 1.967 GC heap before
{Heap before GC invocations=4 (full 0):
 garbage-first heap   total 131072K, used 31433K [0x0000000080000000, 0x0000000100000000)
  region size 1024K, 26 young (26624K), 2 survivors (2048K)
 Metaspace       used 19446K, capacity 19959K, committed 20224K, reserved 1067008K
  class space    used 2261K, capacity 2479K, committed 2560K, reserved 1048576K
}
Event: 1.977 GC heap after
{Heap after GC invocations=5 (full 0):
 garbage-first heap   total 158720K, used 8449K [0x0000000080000000, 0x0000000100000000)
  region size 1024K, 3 young (3072K), 3 survivors (3072K)
 Metaspace       used 19446K, capacity 19959K, committed 20224K, reserved 1067008K
  class space    used 2261K, capacity 2479K, committed 2560K, reserved 1048576K
}
Event: 2.327 GC heap before
{Heap before GC invocations=5 (full 0):
 garbage-first heap   total 158720K, used 42241K [0x0000000080000000, 0x0000000100000000)
  region size 1024K, 37 young (37888K), 3 survivors (3072K)
 Metaspace       used 20436K, capacity 20984K, committed 21120K, reserved 1067008K
  class space    used 2378K, capacity 2605K, committed 2688K, reserved 1048576K
}
Event: 2.335 GC heap after
{Heap after GC invocations=6 (full 0):
 garbage-first heap   total 158720K, used 9430K [0x0000000080000000, 0x0000000100000000)
  region size 1024K, 4 young (4096K), 4 survivors (4096K)
 Metaspace       used 20436K, capacity 20984K, committed 21120K, reserved 1067008K
  class space    used 2378K, capacity 2605K, committed 2688K, reserved 1048576K
}
Event: 2.365 GC heap before
{Heap before GC invocations=6 (full 0):
 garbage-first heap   total 158720K, used 21718K [0x0000000080000000, 0x0000000100000000)
  region size 1024K, 18 young (18432K), 4 survivors (4096K)
 Metaspace       used 20629K, capacity 21112K, committed 21296K, reserved 1069056K
  class space    used 2388K, capacity 2605K, committed 2688K, reserved 1048576K
}
Event: 2.372 GC heap after
{Heap after GC invocations=7 (full 0):
 garbage-first heap   total 158720K, used 9554K [0x0000000080000000, 0x0000000100000000)
  region size 1024K, 4 young (4096K), 4 survivors (4096K)
 Metaspace       used 20629K, capacity 21112K, committed 21296K, reserved 1069056K
  class space    used 2388K, capacity 2605K, committed 2688K, reserved 1048576K
}
Event: 4.383 GC heap before
{Heap before GC invocations=8 (full 0):
 garbage-first heap   total 158720K, used 76114K [0x0000000080000000, 0x0000000100000000)
  region size 1024K, 69 young (70656K), 4 survivors (4096K)
 Metaspace       used 26647K, capacity 27510K, committed 27696K, reserved 1073152K
  class space    used 3340K, capacity 3712K, committed 3712K, reserved 1048576K
}
Event: 4.404 GC heap after
{Heap after GC invocations=9 (full 0):
 garbage-first heap   total 158720K, used 12654K [0x0000000080000000, 0x0000000100000000)
  region size 1024K, 7 young (7168K), 7 survivors (7168K)
 Metaspace       used 26647K, capacity 27510K, committed 27696K, reserved 1073152K
  class space    used 3340K, capacity 3712K, committed 3712K, reserved 1048576K
}
Event: 4.486 GC heap before
{Heap before GC invocations=9 (full 0):
 garbage-first heap   total 158720K, used 14702K [0x0000000080000000, 0x0000000100000000)
  region size 1024K, 10 young (10240K), 7 survivors (7168K)
 Metaspace       used 27103K, capacity 27948K, committed 28080K, reserved 1079296K
  class space    used 3392K, capacity 3751K, committed 3840K, reserved 1048576K
}

